<?xml version="1.0" encoding="UTF-8"?>
<!-- Generated by org.testng.reporters.JUnitReportReporter -->
<testsuite hostname="55b7ed35531b" failures="0" tests="2" name="com.dockerpomvims.testcases.FlightReservation" time="19.540" errors="0" timestamp="2024-11-05T06:11:29 GMT" skipped="0">
  <testcase classname="com.dockerpomvims.testcases.FlightReservation" name="Registration" time="11.363"/>
  <testcase classname="com.dockerpomvims.testcases.FlightReservation" name="Registration" time="8.177"/>
</testsuite> <!-- com.dockerpomvims.testcases.FlightReservation -->
