<?xml version="1.0" encoding="UTF-8"?>
<!-- Generated by org.testng.reporters.JUnitReportReporter -->
<testsuite hostname="c6b446cf74f1" failures="0" tests="2" name="com.dockerpomvims.testcases.FlightReservation" time="25.599" errors="0" timestamp="2024-10-26T19:16:27 GMT" skipped="0">
  <testcase classname="com.dockerpomvims.testcases.FlightReservation" name="Registration" time="16.460"/>
  <testcase classname="com.dockerpomvims.testcases.FlightReservation" name="Registration" time="9.139"/>
</testsuite> <!-- com.dockerpomvims.testcases.FlightReservation -->
