<?xml version="1.0" encoding="UTF-8"?>
<!-- Generated by org.testng.reporters.JUnitReportReporter -->
<testsuite hostname="8f7d0bcd016a" failures="0" tests="2" name="com.dockerpomvims.testcases.FlightReservation" time="19.579" errors="0" timestamp="2024-10-29T13:22:08 GMT" skipped="0">
  <testcase classname="com.dockerpomvims.testcases.FlightReservation" name="Registration" time="10.314"/>
  <testcase classname="com.dockerpomvims.testcases.FlightReservation" name="Registration" time="9.265"/>
</testsuite> <!-- com.dockerpomvims.testcases.FlightReservation -->
