<?xml version="1.0" encoding="UTF-8"?>
<!-- Generated by org.testng.reporters.JUnitReportReporter -->
<testsuite hostname="d6df272f86bd" failures="0" tests="2" name="com.dockerpomvims.testcases.FlightReservation" time="22.087" errors="0" timestamp="2024-11-06T12:41:27 GMT" skipped="0">
  <testcase classname="com.dockerpomvims.testcases.FlightReservation" name="Registration" time="11.873"/>
  <testcase classname="com.dockerpomvims.testcases.FlightReservation" name="Registration" time="10.214"/>
</testsuite> <!-- com.dockerpomvims.testcases.FlightReservation -->
