<?xml version="1.0" encoding="UTF-8"?>
<!-- Generated by org.testng.reporters.JUnitReportReporter -->
<testsuite hostname="ffea710a6d88" failures="0" tests="2" name="com.dockerpomvims.testcases.FlightReservation" time="19.688" errors="0" timestamp="2024-10-24T08:22:05 GMT" skipped="0">
  <testcase classname="com.dockerpomvims.testcases.FlightReservation" name="Registration" time="9.322"/>
  <testcase classname="com.dockerpomvims.testcases.FlightReservation" name="Registration" time="10.366"/>
</testsuite> <!-- com.dockerpomvims.testcases.FlightReservation -->
